<?xml version="1.0" encoding="utf-8"?>
<coverage line-rate="0.8297" branch-rate="0.6981999999999999" version="1.9" timestamp="1626508528" lines-covered="468" lines-valid="564" branches-covered="81" branches-valid="116">
  <sources>
    <source>C:\Users\Maxim\Projects\HyperMsg\src\</source>
  </sources>
  <packages>
    <package name="HyperMsg.Core" line-rate="0.8184999999999999" branch-rate="0.6909000000000001" complexity="235">
      <classes>
        <class name="HyperMsg.Buffer" filename="HyperMsg.Core\Buffer.cs" line-rate="0.8687999999999999" branch-rate="0.75" complexity="29">
          <methods>
            <method name="get_Memory" signature="()" line-rate="1" branch-rate="1" complexity="1">
              <lines>
                <line number="23" hits="23396" branch="False" />
              </lines>
            </method>
            <method name="get_Reader" signature="()" line-rate="1" branch-rate="1" complexity="1">
              <lines>
                <line number="25" hits="4628" branch="False" />
              </lines>
            </method>
            <method name="get_Writer" signature="()" line-rate="1" branch-rate="1" complexity="1">
              <lines>
                <line number="27" hits="11081" branch="False" />
              </lines>
            </method>
            <method name="get_CommitedMemory" signature="()" line-rate="1" branch-rate="1" complexity="1">
              <lines>
                <line number="29" hits="2451" branch="False" />
              </lines>
            </method>
            <method name="get_AvailableMemory" signature="()" line-rate="1" branch-rate="1" complexity="1">
              <lines>
                <line number="31" hits="11568" branch="False" />
              </lines>
            </method>
            <method name="HyperMsg.IBufferReader.Advance" signature="(System.Int32)" line-rate="0.6923" branch-rate="0.5" complexity="4">
              <lines>
                <line number="34" hits="4357" branch="False" />
                <line number="35" hits="4357" branch="True" condition-coverage="50% (1/2)">
                  <conditions>
                    <condition number="7" type="jump" coverage="50%" />
                  </conditions>
                </line>
                <line number="36" hits="0" branch="False" />
                <line number="37" hits="0" branch="False" />
                <line number="40" hits="4357" branch="False" />
                <line number="41" hits="4357" branch="False" />
                <line number="42" hits="4357" branch="True" condition-coverage="50% (1/2)">
                  <conditions>
                    <condition number="51" type="jump" coverage="50%" />
                  </conditions>
                </line>
                <line number="43" hits="0" branch="False" />
                <line number="44" hits="0" branch="False" />
                <line number="47" hits="4357" branch="False" />
                <line number="48" hits="4357" branch="False" />
                <line number="49" hits="4357" branch="False" />
                <line number="50" hits="4357" branch="False" />
              </lines>
            </method>
            <method name="HyperMsg.IBufferReader.Read" signature="()" line-rate="1" branch-rate="1" complexity="1">
              <lines>
                <line number="52" hits="11" branch="False" />
              </lines>
            </method>
            <method name="HyperMsg.IBufferWriter.Advance" signature="(System.Int32)" line-rate="0.8332999999999999" branch-rate="0.8332999999999999" complexity="6">
              <lines>
                <line number="55" hits="4631" branch="False" />
                <line number="56" hits="4631" branch="True" condition-coverage="50% (1/2)">
                  <conditions>
                    <condition number="7" type="jump" coverage="50%" />
                  </conditions>
                </line>
                <line number="57" hits="0" branch="False" />
                <line number="58" hits="0" branch="False" />
                <line number="61" hits="4631" branch="False" />
                <line number="62" hits="4631" branch="False" />
                <line number="63" hits="4631" branch="True" condition-coverage="100% (4/4)">
                  <conditions>
                    <condition number="48" type="jump" coverage="100%" />
                    <condition number="59" type="jump" coverage="100%" />
                  </conditions>
                </line>
                <line number="64" hits="1" branch="False" />
                <line number="65" hits="1" branch="False" />
                <line number="68" hits="4630" branch="False" />
                <line number="69" hits="4630" branch="False" />
                <line number="70" hits="4630" branch="False" />
              </lines>
            </method>
            <method name="HyperMsg.IBufferWriter.GetMemory" signature="(System.Int32)" line-rate="0.8946999999999999" branch-rate="0.875" complexity="8">
              <lines>
                <line number="73" hits="6937" branch="False" />
                <line number="74" hits="6937" branch="True" condition-coverage="50% (1/2)">
                  <conditions>
                    <condition number="7" type="jump" coverage="50%" />
                  </conditions>
                </line>
                <line number="75" hits="0" branch="False" />
                <line number="76" hits="0" branch="False" />
                <line number="79" hits="6937" branch="False" />
                <line number="80" hits="6937" branch="False" />
                <line number="81" hits="6937" branch="True" condition-coverage="100% (2/2)">
                  <conditions>
                    <condition number="53" type="jump" coverage="100%" />
                  </conditions>
                </line>
                <line number="82" hits="4376" branch="False" />
                <line number="83" hits="4376" branch="False" />
                <line number="84" hits="4376" branch="False" />
                <line number="86" hits="6937" branch="False" />
                <line number="88" hits="6937" branch="True" condition-coverage="100% (4/4)">
                  <conditions>
                    <condition number="89" type="jump" coverage="100%" />
                    <condition number="102" type="jump" coverage="100%" />
                  </conditions>
                </line>
                <line number="89" hits="2440" branch="False" />
                <line number="90" hits="2440" branch="False" />
                <line number="91" hits="2440" branch="False" />
                <line number="92" hits="2440" branch="False" />
                <line number="93" hits="2440" branch="False" />
                <line number="95" hits="6937" branch="False" />
                <line number="97" hits="6937" branch="False" />
              </lines>
            </method>
            <method name="HyperMsg.IBufferWriter.GetSpan" signature="(System.Int32)" line-rate="1" branch-rate="1" complexity="1">
              <lines>
                <line number="100" hits="2827" branch="False" />
                <line number="101" hits="2827" branch="False" />
                <line number="102" hits="2827" branch="False" />
                <line number="103" hits="2827" branch="False" />
              </lines>
            </method>
            <method name="Clear" signature="()" line-rate="1" branch-rate="1" complexity="1">
              <lines>
                <line number="105" hits="1" branch="False" />
              </lines>
            </method>
            <method name="Dispose" signature="()" line-rate="1" branch-rate="1" complexity="1">
              <lines>
                <line number="107" hits="41" branch="False" />
              </lines>
            </method>
            <method name=".ctor" signature="(System.Buffers.IMemoryOwner`1&lt;System.Byte&gt;)" line-rate="1" branch-rate="0.5" complexity="2">
              <lines>
                <line number="17" hits="55" branch="False" />
                <line number="18" hits="55" branch="False" />
                <line number="19" hits="55" branch="True" condition-coverage="50% (1/2)">
                  <conditions>
                    <condition number="11" type="jump" coverage="50%" />
                  </conditions>
                </line>
                <line number="20" hits="55" branch="False" />
                <line number="21" hits="55" branch="False" />
              </lines>
            </method>
          </methods>
          <lines>
            <line number="23" hits="23396" branch="False" />
            <line number="25" hits="4628" branch="False" />
            <line number="27" hits="11081" branch="False" />
            <line number="29" hits="2451" branch="False" />
            <line number="31" hits="11568" branch="False" />
            <line number="34" hits="4357" branch="False" />
            <line number="35" hits="4357" branch="True" condition-coverage="50% (1/2)">
              <conditions>
                <condition number="7" type="jump" coverage="50%" />
              </conditions>
            </line>
            <line number="36" hits="0" branch="False" />
            <line number="37" hits="0" branch="False" />
            <line number="40" hits="4357" branch="False" />
            <line number="41" hits="4357" branch="False" />
            <line number="42" hits="4357" branch="True" condition-coverage="50% (1/2)">
              <conditions>
                <condition number="51" type="jump" coverage="50%" />
              </conditions>
            </line>
            <line number="43" hits="0" branch="False" />
            <line number="44" hits="0" branch="False" />
            <line number="47" hits="4357" branch="False" />
            <line number="48" hits="4357" branch="False" />
            <line number="49" hits="4357" branch="False" />
            <line number="50" hits="4357" branch="False" />
            <line number="52" hits="11" branch="False" />
            <line number="55" hits="4631" branch="False" />
            <line number="56" hits="4631" branch="True" condition-coverage="50% (1/2)">
              <conditions>
                <condition number="7" type="jump" coverage="50%" />
              </conditions>
            </line>
            <line number="57" hits="0" branch="False" />
            <line number="58" hits="0" branch="False" />
            <line number="61" hits="4631" branch="False" />
            <line number="62" hits="4631" branch="False" />
            <line number="63" hits="4631" branch="True" condition-coverage="100% (4/4)">
              <conditions>
                <condition number="48" type="jump" coverage="100%" />
                <condition number="59" type="jump" coverage="100%" />
              </conditions>
            </line>
            <line number="64" hits="1" branch="False" />
            <line number="65" hits="1" branch="False" />
            <line number="68" hits="4630" branch="False" />
            <line number="69" hits="4630" branch="False" />
            <line number="70" hits="4630" branch="False" />
            <line number="73" hits="6937" branch="False" />
            <line number="74" hits="6937" branch="True" condition-coverage="50% (1/2)">
              <conditions>
                <condition number="7" type="jump" coverage="50%" />
              </conditions>
            </line>
            <line number="75" hits="0" branch="False" />
            <line number="76" hits="0" branch="False" />
            <line number="79" hits="6937" branch="False" />
            <line number="80" hits="6937" branch="False" />
            <line number="81" hits="6937" branch="True" condition-coverage="100% (2/2)">
              <conditions>
                <condition number="53" type="jump" coverage="100%" />
              </conditions>
            </line>
            <line number="82" hits="4376" branch="False" />
            <line number="83" hits="4376" branch="False" />
            <line number="84" hits="4376" branch="False" />
            <line number="86" hits="6937" branch="False" />
            <line number="88" hits="6937" branch="True" condition-coverage="100% (4/4)">
              <conditions>
                <condition number="89" type="jump" coverage="100%" />
                <condition number="102" type="jump" coverage="100%" />
              </conditions>
            </line>
            <line number="89" hits="2440" branch="False" />
            <line number="90" hits="2440" branch="False" />
            <line number="91" hits="2440" branch="False" />
            <line number="92" hits="2440" branch="False" />
            <line number="93" hits="2440" branch="False" />
            <line number="95" hits="6937" branch="False" />
            <line number="97" hits="6937" branch="False" />
            <line number="100" hits="2827" branch="False" />
            <line number="101" hits="2827" branch="False" />
            <line number="102" hits="2827" branch="False" />
            <line number="103" hits="2827" branch="False" />
            <line number="105" hits="1" branch="False" />
            <line number="107" hits="41" branch="False" />
            <line number="17" hits="55" branch="False" />
            <line number="18" hits="55" branch="False" />
            <line number="19" hits="55" branch="True" condition-coverage="50% (1/2)">
              <conditions>
                <condition number="11" type="jump" coverage="50%" />
              </conditions>
            </line>
            <line number="20" hits="55" branch="False" />
            <line number="21" hits="55" branch="False" />
          </lines>
        </class>
        <class name="HyperMsg.BufferWriterAdapter" filename="HyperMsg.Core\Buffer.cs" line-rate="0.75" branch-rate="1" complexity="4">
          <methods>
            <method name="Advance" signature="(System.Int32)" line-rate="1" branch-rate="1" complexity="1">
              <lines>
                <line number="116" hits="1" branch="False" />
              </lines>
            </method>
            <method name="GetMemory" signature="(System.Int32)" line-rate="0" branch-rate="1" complexity="1">
              <lines>
                <line number="118" hits="0" branch="False" />
              </lines>
            </method>
            <method name="GetSpan" signature="(System.Int32)" line-rate="1" branch-rate="1" complexity="1">
              <lines>
                <line number="120" hits="1" branch="False" />
              </lines>
            </method>
            <method name=".ctor" signature="(HyperMsg.IBufferWriter)" line-rate="1" branch-rate="1" complexity="1">
              <lines>
                <line number="114" hits="80" branch="False" />
              </lines>
            </method>
          </methods>
          <lines>
            <line number="116" hits="1" branch="False" />
            <line number="118" hits="0" branch="False" />
            <line number="120" hits="1" branch="False" />
            <line number="114" hits="80" branch="False" />
          </lines>
        </class>
        <class name="HyperMsg.BufferContext" filename="HyperMsg.Core\BufferContext.cs" line-rate="1" branch-rate="1" complexity="4">
          <methods>
            <method name="get_ReceivingBuffer" signature="()" line-rate="1" branch-rate="1" complexity="1">
              <lines>
                <line number="16" hits="30" branch="False" />
              </lines>
            </method>
            <method name="get_TransmittingBuffer" signature="()" line-rate="1" branch-rate="1" complexity="1">
              <lines>
                <line number="18" hits="2853" branch="False" />
              </lines>
            </method>
            <method name="Dispose" signature="()" line-rate="1" branch-rate="1" complexity="1">
              <lines>
                <line number="21" hits="20" branch="False" />
                <line number="22" hits="20" branch="False" />
                <line number="23" hits="20" branch="False" />
                <line number="24" hits="20" branch="False" />
              </lines>
            </method>
            <method name=".ctor" signature="(HyperMsg.Buffer,HyperMsg.Buffer)" line-rate="1" branch-rate="1" complexity="1">
              <lines>
                <line number="10" hits="22" branch="False" />
                <line number="11" hits="22" branch="False" />
                <line number="12" hits="22" branch="False" />
                <line number="13" hits="22" branch="False" />
                <line number="14" hits="22" branch="False" />
              </lines>
            </method>
          </methods>
          <lines>
            <line number="16" hits="30" branch="False" />
            <line number="18" hits="2853" branch="False" />
            <line number="21" hits="20" branch="False" />
            <line number="22" hits="20" branch="False" />
            <line number="23" hits="20" branch="False" />
            <line number="24" hits="20" branch="False" />
            <line number="10" hits="22" branch="False" />
            <line number="11" hits="22" branch="False" />
            <line number="12" hits="22" branch="False" />
            <line number="13" hits="22" branch="False" />
            <line number="14" hits="22" branch="False" />
          </lines>
        </class>
        <class name="HyperMsg.BufferExtensions" filename="HyperMsg.Core\BufferExtensions.cs" line-rate="0.7413" branch-rate="0.6428" complexity="17">
          <methods>
            <method name="Advance" signature="(HyperMsg.IBufferReader,System.Int64)" line-rate="1" branch-rate="1" complexity="1">
              <lines>
                <line number="11" hits="4" branch="False" />
                <line number="12" hits="4" branch="False" />
                <line number="13" hits="3" branch="False" />
                <line number="14" hits="3" branch="False" />
              </lines>
            </method>
            <method name="Advance" signature="(HyperMsg.IBufferWriter,System.Int64)" line-rate="1" branch-rate="1" complexity="1">
              <lines>
                <line number="17" hits="3" branch="False" />
                <line number="18" hits="3" branch="False" />
                <line number="19" hits="1" branch="False" />
                <line number="20" hits="1" branch="False" />
              </lines>
            </method>
            <method name="Advance" signature="(System.Buffers.IBufferWriter`1&lt;System.Byte&gt;,System.Int64)" line-rate="1" branch-rate="1" complexity="1">
              <lines>
                <line number="23" hits="1" branch="False" />
                <line number="24" hits="1" branch="False" />
                <line number="25" hits="1" branch="False" />
                <line number="26" hits="1" branch="False" />
              </lines>
            </method>
            <method name="VerifyCountParam" signature="(System.Int64)" line-rate="1" branch-rate="1" complexity="2">
              <lines>
                <line number="29" hits="8" branch="False" />
                <line number="30" hits="8" branch="True" condition-coverage="100% (2/2)">
                  <conditions>
                    <condition number="12" type="jump" coverage="100%" />
                  </conditions>
                </line>
                <line number="31" hits="3" branch="False" />
                <line number="32" hits="3" branch="False" />
                <line number="34" hits="5" branch="False" />
              </lines>
            </method>
            <method name="Write" signature="(HyperMsg.IBufferWriter,System.ReadOnlySpan`1&lt;System.Byte&gt;)" line-rate="1" branch-rate="1" complexity="2">
              <lines>
                <line number="37" hits="2826" branch="False" />
                <line number="38" hits="2826" branch="False" />
                <line number="40" hits="2826" branch="True" condition-coverage="100% (2/2)">
                  <conditions>
                    <condition number="25" type="jump" coverage="100%" />
                  </conditions>
                </line>
                <line number="41" hits="522" branch="False" />
                <line number="42" hits="522" branch="False" />
                <line number="43" hits="522" branch="False" />
                <line number="45" hits="2304" branch="False" />
                <line number="46" hits="2304" branch="False" />
                <line number="48" hits="522" branch="False" />
              </lines>
            </method>
            <method name="TryWrite" signature="(HyperMsg.IBufferWriter,System.ReadOnlySpan`1&lt;System.Byte&gt;)" line-rate="0" branch-rate="0" complexity="2">
              <lines>
                <line number="51" hits="0" branch="False" />
                <line number="52" hits="0" branch="False" />
                <line number="54" hits="0" branch="True" condition-coverage="0% (0/2)">
                  <conditions>
                    <condition number="25" type="jump" coverage="0%" />
                  </conditions>
                </line>
                <line number="55" hits="0" branch="False" />
                <line number="56" hits="0" branch="False" />
                <line number="57" hits="0" branch="False" />
                <line number="60" hits="0" branch="False" />
                <line number="61" hits="0" branch="False" />
              </lines>
            </method>
            <method name="ForEachSegment" signature="(System.Buffers.ReadOnlySequence`1&lt;System.Byte&gt;,System.Action`1&lt;System.ReadOnlyMemory`1&lt;System.Byte&gt;&gt;)" line-rate="0.5625" branch-rate="0.5" complexity="6">
              <lines>
                <line number="64" hits="3" branch="False" />
                <line number="65" hits="3" branch="True" condition-coverage="100% (2/2)">
                  <conditions>
                    <condition number="14" type="jump" coverage="100%" />
                  </conditions>
                </line>
                <line number="66" hits="1" branch="False" />
                <line number="67" hits="1" branch="False" />
                <line number="70" hits="2" branch="True" condition-coverage="50% (1/2)">
                  <conditions>
                    <condition number="28" type="jump" coverage="50%" />
                  </conditions>
                </line>
                <line number="71" hits="2" branch="False" />
                <line number="72" hits="2" branch="False" />
                <line number="73" hits="2" branch="False" />
                <line number="75" hits="0" branch="False" />
                <line number="76" hits="0" branch="False" />
                <line number="78" hits="0" branch="True" condition-coverage="0% (0/2)">
                  <conditions>
                    <condition number="84" type="jump" coverage="0%" />
                  </conditions>
                </line>
                <line number="79" hits="0" branch="False" />
                <line number="80" hits="0" branch="False" />
                <line number="81" hits="0" branch="False" />
                <line number="82" hits="0" branch="False" />
                <line number="83" hits="3" branch="False" />
              </lines>
            </method>
            <method name="ForEachSegment" signature="(HyperMsg.IBufferReader,System.Action`1&lt;System.ReadOnlyMemory`1&lt;System.Byte&gt;&gt;,System.Boolean)" line-rate="1" branch-rate="1" complexity="2">
              <lines>
                <line number="108" hits="1" branch="False" />
                <line number="109" hits="1" branch="False" />
                <line number="110" hits="1" branch="False" />
                <line number="112" hits="1" branch="True" condition-coverage="100% (2/2)">
                  <conditions>
                    <condition number="19" type="jump" coverage="100%" />
                  </conditions>
                </line>
                <line number="113" hits="1" branch="False" />
                <line number="114" hits="1" branch="False" />
                <line number="115" hits="1" branch="False" />
                <line number="116" hits="1" branch="False" />
              </lines>
            </method>
          </methods>
          <lines>
            <line number="11" hits="4" branch="False" />
            <line number="12" hits="4" branch="False" />
            <line number="13" hits="3" branch="False" />
            <line number="14" hits="3" branch="False" />
            <line number="17" hits="3" branch="False" />
            <line number="18" hits="3" branch="False" />
            <line number="19" hits="1" branch="False" />
            <line number="20" hits="1" branch="False" />
            <line number="23" hits="1" branch="False" />
            <line number="24" hits="1" branch="False" />
            <line number="25" hits="1" branch="False" />
            <line number="26" hits="1" branch="False" />
            <line number="29" hits="8" branch="False" />
            <line number="30" hits="8" branch="True" condition-coverage="100% (2/2)">
              <conditions>
                <condition number="12" type="jump" coverage="100%" />
              </conditions>
            </line>
            <line number="31" hits="3" branch="False" />
            <line number="32" hits="3" branch="False" />
            <line number="34" hits="5" branch="False" />
            <line number="37" hits="2826" branch="False" />
            <line number="38" hits="2826" branch="False" />
            <line number="40" hits="2826" branch="True" condition-coverage="100% (2/2)">
              <conditions>
                <condition number="25" type="jump" coverage="100%" />
              </conditions>
            </line>
            <line number="41" hits="522" branch="False" />
            <line number="42" hits="522" branch="False" />
            <line number="43" hits="522" branch="False" />
            <line number="45" hits="2304" branch="False" />
            <line number="46" hits="2304" branch="False" />
            <line number="48" hits="522" branch="False" />
            <line number="51" hits="0" branch="False" />
            <line number="52" hits="0" branch="False" />
            <line number="54" hits="0" branch="True" condition-coverage="0% (0/2)">
              <conditions>
                <condition number="25" type="jump" coverage="0%" />
              </conditions>
            </line>
            <line number="55" hits="0" branch="False" />
            <line number="56" hits="0" branch="False" />
            <line number="57" hits="0" branch="False" />
            <line number="60" hits="0" branch="False" />
            <line number="61" hits="0" branch="False" />
            <line number="64" hits="3" branch="False" />
            <line number="65" hits="3" branch="True" condition-coverage="100% (2/2)">
              <conditions>
                <condition number="14" type="jump" coverage="100%" />
              </conditions>
            </line>
            <line number="66" hits="1" branch="False" />
            <line number="67" hits="1" branch="False" />
            <line number="70" hits="2" branch="True" condition-coverage="50% (1/2)">
              <conditions>
                <condition number="28" type="jump" coverage="50%" />
              </conditions>
            </line>
            <line number="71" hits="2" branch="False" />
            <line number="72" hits="2" branch="False" />
            <line number="73" hits="2" branch="False" />
            <line number="75" hits="0" branch="False" />
            <line number="76" hits="0" branch="False" />
            <line number="78" hits="0" branch="True" condition-coverage="0% (0/2)">
              <conditions>
                <condition number="84" type="jump" coverage="0%" />
              </conditions>
            </line>
            <line number="79" hits="0" branch="False" />
            <line number="80" hits="0" branch="False" />
            <line number="81" hits="0" branch="False" />
            <line number="82" hits="0" branch="False" />
            <line number="83" hits="3" branch="False" />
            <line number="108" hits="1" branch="False" />
            <line number="109" hits="1" branch="False" />
            <line number="110" hits="1" branch="False" />
            <line number="112" hits="1" branch="True" condition-coverage="100% (2/2)">
              <conditions>
                <condition number="19" type="jump" coverage="100%" />
              </conditions>
            </line>
            <line number="113" hits="1" branch="False" />
            <line number="114" hits="1" branch="False" />
            <line number="115" hits="1" branch="False" />
            <line number="116" hits="1" branch="False" />
          </lines>
        </class>
        <class name="HyperMsg.BufferExtensions/&lt;ForEachSegment&gt;d__7" filename="HyperMsg.Core\BufferExtensions.cs" line-rate="0.5625" branch-rate="0.5" complexity="6">
          <methods>
            <method name="MoveNext" signature="()" line-rate="0.5625" branch-rate="0.5" complexity="6">
              <lines>
                <line number="86" hits="3" branch="False" />
                <line number="87" hits="3" branch="True" condition-coverage="100% (2/2)">
                  <conditions>
                    <condition number="46" type="jump" coverage="100%" />
                  </conditions>
                </line>
                <line number="88" hits="1" branch="False" />
                <line number="89" hits="1" branch="False" />
                <line number="92" hits="2" branch="True" condition-coverage="50% (1/2)">
                  <conditions>
                    <condition number="67" type="jump" coverage="50%" />
                  </conditions>
                </line>
                <line number="93" hits="2" branch="False" />
                <line number="94" hits="2" branch="False" />
                <line number="95" hits="2" branch="False" />
                <line number="97" hits="0" branch="False" />
                <line number="98" hits="0" branch="False" />
                <line number="100" hits="0" branch="True" condition-coverage="0% (0/2)">
                  <conditions>
                    <condition number="351" type="jump" coverage="0%" />
                  </conditions>
                </line>
                <line number="101" hits="0" branch="False" />
                <line number="102" hits="0" branch="False" />
                <line number="103" hits="0" branch="False" />
                <line number="104" hits="0" branch="False" />
                <line number="105" hits="3" branch="False" />
              </lines>
            </method>
          </methods>
          <lines>
            <line number="86" hits="3" branch="False" />
            <line number="87" hits="3" branch="True" condition-coverage="100% (2/2)">
              <conditions>
                <condition number="46" type="jump" coverage="100%" />
              </conditions>
            </line>
            <line number="88" hits="1" branch="False" />
            <line number="89" hits="1" branch="False" />
            <line number="92" hits="2" branch="True" condition-coverage="50% (1/2)">
              <conditions>
                <condition number="67" type="jump" coverage="50%" />
              </conditions>
            </line>
            <line number="93" hits="2" branch="False" />
            <line number="94" hits="2" branch="False" />
            <line number="95" hits="2" branch="False" />
            <line number="97" hits="0" branch="False" />
            <line number="98" hits="0" branch="False" />
            <line number="100" hits="0" branch="True" condition-coverage="0% (0/2)">
              <conditions>
                <condition number="351" type="jump" coverage="0%" />
              </conditions>
            </line>
            <line number="101" hits="0" branch="False" />
            <line number="102" hits="0" branch="False" />
            <line number="103" hits="0" branch="False" />
            <line number="104" hits="0" branch="False" />
            <line number="105" hits="3" branch="False" />
          </lines>
        </class>
        <class name="HyperMsg.BufferExtensions/&lt;ForEachSegment&gt;d__9" filename="HyperMsg.Core\BufferExtensions.cs" line-rate="1" branch-rate="1" complexity="2">
          <methods>
            <method name="MoveNext" signature="()" line-rate="1" branch-rate="1" complexity="2">
              <lines>
                <line number="119" hits="1" branch="False" />
                <line number="120" hits="1" branch="False" />
                <line number="121" hits="1" branch="False" />
                <line number="123" hits="1" branch="True" condition-coverage="100% (2/2)">
                  <conditions>
                    <condition number="153" type="jump" coverage="100%" />
                  </conditions>
                </line>
                <line number="124" hits="1" branch="False" />
                <line number="125" hits="1" branch="False" />
                <line number="126" hits="1" branch="False" />
                <line number="127" hits="1" branch="False" />
              </lines>
            </method>
          </methods>
          <lines>
            <line number="119" hits="1" branch="False" />
            <line number="120" hits="1" branch="False" />
            <line number="121" hits="1" branch="False" />
            <line number="123" hits="1" branch="True" condition-coverage="100% (2/2)">
              <conditions>
                <condition number="153" type="jump" coverage="100%" />
              </conditions>
            </line>
            <line number="124" hits="1" branch="False" />
            <line number="125" hits="1" branch="False" />
            <line number="126" hits="1" branch="False" />
            <line number="127" hits="1" branch="False" />
          </lines>
        </class>
        <class name="HyperMsg.BufferFactory" filename="HyperMsg.Core\BufferFactory.cs" line-rate="0.9285" branch-rate="0.5" complexity="5">
          <methods>
            <method name="CreateBuffer" signature="(System.Int32)" line-rate="1" branch-rate="1" complexity="1">
              <lines>
                <line number="16" hits="1" branch="False" />
                <line number="17" hits="1" branch="False" />
                <line number="18" hits="1" branch="False" />
                <line number="19" hits="1" branch="False" />
              </lines>
            </method>
            <method name="CreateContext" signature="(System.Int32,System.Int32)" line-rate="1" branch-rate="1" complexity="1">
              <lines>
                <line number="22" hits="1" branch="False" />
                <line number="23" hits="1" branch="False" />
                <line number="24" hits="1" branch="False" />
                <line number="26" hits="1" branch="False" />
                <line number="27" hits="1" branch="False" />
              </lines>
            </method>
            <method name="Dispose" signature="()" line-rate="0" branch-rate="1" complexity="1">
              <lines>
                <line number="29" hits="0" branch="False" />
              </lines>
            </method>
            <method name=".ctor" signature="(System.Buffers.MemoryPool`1&lt;System.Byte&gt;)" line-rate="1" branch-rate="0.5" complexity="2">
              <lines>
                <line number="10" hits="3" branch="False" />
                <line number="11" hits="3" branch="False" />
                <line number="12" hits="3" branch="True" condition-coverage="50% (1/2)">
                  <conditions>
                    <condition number="11" type="jump" coverage="50%" />
                  </conditions>
                </line>
                <line number="13" hits="3" branch="False" />
              </lines>
            </method>
          </methods>
          <lines>
            <line number="16" hits="1" branch="False" />
            <line number="17" hits="1" branch="False" />
            <line number="18" hits="1" branch="False" />
            <line number="19" hits="1" branch="False" />
            <line number="22" hits="1" branch="False" />
            <line number="23" hits="1" branch="False" />
            <line number="24" hits="1" branch="False" />
            <line number="26" hits="1" branch="False" />
            <line number="27" hits="1" branch="False" />
            <line number="29" hits="0" branch="False" />
            <line number="10" hits="3" branch="False" />
            <line number="11" hits="3" branch="False" />
            <line number="12" hits="3" branch="True" condition-coverage="50% (1/2)">
              <conditions>
                <condition number="11" type="jump" coverage="50%" />
              </conditions>
            </line>
            <line number="13" hits="3" branch="False" />
          </lines>
        </class>
        <class name="HyperMsg.BufferService" filename="HyperMsg.Core\BufferService.cs" line-rate="0.8961" branch-rate="0.7082999999999999" complexity="41">
          <methods>
            <method name="WriteToBuffer" signature="(HyperMsg.PipeType,T,System.Boolean)" line-rate="1" branch-rate="1" complexity="1">
              <lines>
                <line number="43" hits="2573" branch="False" />
                <line number="44" hits="2573" branch="False" />
                <line number="46" hits="2573" branch="False" />
                <line number="47" hits="269" branch="False" />
              </lines>
            </method>
            <method name="GetBufferWithLock" signature="(HyperMsg.PipeType)" line-rate="0.875" branch-rate="0.75" complexity="4">
              <lines>
                <line number="50" hits="2840" branch="False" />
                <line number="51" hits="2840" branch="True" condition-coverage="75% (3/4)">
                  <conditions>
                    <condition number="7" type="jump" coverage="100%" />
                    <condition number="13" type="jump" coverage="50%" />
                  </conditions>
                </line>
                <line number="52" hits="2840" branch="False" />
                <line number="53" hits="9" branch="False" />
                <line number="54" hits="2831" branch="False" />
                <line number="55" hits="0" branch="False" />
                <line number="56" hits="2840" branch="False" />
                <line number="57" hits="2840" branch="False" />
              </lines>
            </method>
            <method name="WriteToBuffer" signature="(HyperMsg.PipeType,T,HyperMsg.IBuffer,System.Object,System.Boolean)" line-rate="0.8148000000000001" branch-rate="0.8125" complexity="16">
              <lines>
                <line number="60" hits="2573" branch="False" />
                <line number="61" hits="2573" branch="False" />
                <line number="63" hits="2573" branch="False" />
                <line number="64" hits="2573" branch="False" />
                <line number="65" hits="2573" branch="True" condition-coverage="78.57% (11/14)">
                  <conditions>
                    <condition number="42" type="jump" coverage="50%" />
                    <condition number="80" type="jump" coverage="100%" />
                    <condition number="118" type="jump" coverage="50%" />
                    <condition number="157" type="jump" coverage="100%" />
                    <condition number="175" type="jump" coverage="100%" />
                    <condition number="193" type="jump" coverage="100%" />
                    <condition number="211" type="jump" coverage="50%" />
                  </conditions>
                </line>
                <line number="68" hits="0" branch="False" />
                <line number="69" hits="0" branch="False" />
                <line number="72" hits="2566" branch="False" />
                <line number="73" hits="262" branch="False" />
                <line number="76" hits="0" branch="False" />
                <line number="77" hits="0" branch="False" />
                <line number="80" hits="1" branch="False" />
                <line number="81" hits="1" branch="False" />
                <line number="84" hits="4" branch="False" />
                <line number="85" hits="4" branch="False" />
                <line number="88" hits="1" branch="False" />
                <line number="89" hits="1" branch="False" />
                <line number="92" hits="1" branch="False" />
                <line number="93" hits="1" branch="False" />
                <line number="94" hits="1" branch="False" />
                <line number="97" hits="0" branch="False" />
                <line number="99" hits="269" branch="False" />
                <line number="101" hits="269" branch="True" condition-coverage="100% (2/2)">
                  <conditions>
                    <condition number="374" type="jump" coverage="100%" />
                  </conditions>
                </line>
                <line number="102" hits="267" branch="False" />
                <line number="103" hits="267" branch="False" />
                <line number="104" hits="267" branch="False" />
                <line number="105" hits="269" branch="False" />
              </lines>
            </method>
            <method name="WriteStream" signature="(HyperMsg.IBufferWriter,System.IO.Stream)" line-rate="1" branch-rate="1" complexity="1">
              <lines>
                <line number="108" hits="4" branch="False" />
                <line number="109" hits="4" branch="False" />
                <line number="110" hits="4" branch="False" />
                <line number="112" hits="4" branch="False" />
                <line number="113" hits="4" branch="False" />
              </lines>
            </method>
            <method name="FlushBuffer" signature="(HyperMsg.PipeType)" line-rate="1" branch-rate="1" complexity="1">
              <lines>
                <line number="116" hits="267" branch="False" />
                <line number="117" hits="267" branch="False" />
                <line number="118" hits="267" branch="False" />
                <line number="119" hits="267" branch="False" />
              </lines>
            </method>
            <method name="GetBufferWriterAdapter" signature="(HyperMsg.PipeType)" line-rate="0.75" branch-rate="0.25" complexity="4">
              <lines>
                <line number="122" hits="1" branch="False" />
                <line number="123" hits="1" branch="True" condition-coverage="25% (1/4)">
                  <conditions>
                    <condition number="7" type="jump" coverage="50%" />
                    <condition number="13" type="jump" coverage="0%" />
                  </conditions>
                </line>
                <line number="124" hits="1" branch="False" />
                <line number="125" hits="0" branch="False" />
                <line number="126" hits="1" branch="False" />
                <line number="127" hits="0" branch="False" />
                <line number="128" hits="1" branch="False" />
                <line number="129" hits="1" branch="False" />
              </lines>
            </method>
            <method name="&lt;GetChildDisposables&gt;b__6_0" signature="(HyperMsg.BufferServiceAction)" line-rate="1" branch-rate="1" complexity="1">
              <lines>
                <line number="25" hits="2590" branch="False" />
              </lines>
            </method>
            <method name="&lt;GetChildDisposables&gt;b__6_1" signature="(System.Memory`1&lt;System.Byte&gt;)" line-rate="1" branch-rate="1" complexity="1">
              <lines>
                <line number="27" hits="20" branch="False" />
              </lines>
            </method>
            <method name="&lt;GetChildDisposables&gt;b__6_2" signature="(System.ReadOnlyMemory`1&lt;System.Byte&gt;)" line-rate="1" branch-rate="1" complexity="1">
              <lines>
                <line number="28" hits="20" branch="False" />
              </lines>
            </method>
            <method name="&lt;GetChildDisposables&gt;b__6_3" signature="(System.ArraySegment`1&lt;System.Byte&gt;)" line-rate="1" branch-rate="1" complexity="1">
              <lines>
                <line number="29" hits="20" branch="False" />
              </lines>
            </method>
            <method name="&lt;GetChildDisposables&gt;b__6_4" signature="(System.Byte[])" line-rate="1" branch-rate="1" complexity="1">
              <lines>
                <line number="30" hits="21" branch="False" />
              </lines>
            </method>
            <method name="&lt;GetChildDisposables&gt;b__6_5" signature="(System.IO.Stream)" line-rate="1" branch-rate="1" complexity="1">
              <lines>
                <line number="31" hits="20" branch="False" />
              </lines>
            </method>
            <method name="&lt;GetChildDisposables&gt;b__6_6" signature="(HyperMsg.BufferWriteAction)" line-rate="1" branch-rate="1" complexity="1">
              <lines>
                <line number="32" hits="21" branch="False" />
              </lines>
            </method>
            <method name="&lt;GetChildDisposables&gt;b__6_7" signature="(HyperMsg.ByteBufferWriteAction)" line-rate="1" branch-rate="1" complexity="1">
              <lines>
                <line number="33" hits="21" branch="False" />
              </lines>
            </method>
            <method name="&lt;GetChildDisposables&gt;b__6_8" signature="(System.Memory`1&lt;System.Byte&gt;)" line-rate="1" branch-rate="1" complexity="1">
              <lines>
                <line number="35" hits="20" branch="False" />
              </lines>
            </method>
            <method name="&lt;GetChildDisposables&gt;b__6_9" signature="(System.ReadOnlyMemory`1&lt;System.Byte&gt;)" line-rate="1" branch-rate="1" complexity="1">
              <lines>
                <line number="36" hits="20" branch="False" />
              </lines>
            </method>
            <method name="&lt;GetChildDisposables&gt;b__6_10" signature="(System.ArraySegment`1&lt;System.Byte&gt;)" line-rate="1" branch-rate="1" complexity="1">
              <lines>
                <line number="37" hits="20" branch="False" />
              </lines>
            </method>
            <method name="&lt;GetChildDisposables&gt;b__6_11" signature="(System.Byte[])" line-rate="1" branch-rate="1" complexity="1">
              <lines>
                <line number="38" hits="20" branch="False" />
              </lines>
            </method>
            <method name="&lt;GetChildDisposables&gt;b__6_12" signature="(System.IO.Stream)" line-rate="1" branch-rate="1" complexity="1">
              <lines>
                <line number="39" hits="20" branch="False" />
              </lines>
            </method>
            <method name=".ctor" signature="(HyperMsg.IMessagingContext,HyperMsg.IBufferContext)" line-rate="1" branch-rate="1" complexity="1">
              <lines>
                <line number="13" hits="20" branch="False" />
                <line number="14" hits="20" branch="False" />
                <line number="16" hits="20" branch="False" />
                <line number="17" hits="20" branch="False" />
                <line number="18" hits="20" branch="False" />
                <line number="19" hits="20" branch="False" />
                <line number="20" hits="20" branch="False" />
                <line number="21" hits="20" branch="False" />
              </lines>
            </method>
          </methods>
          <lines>
            <line number="43" hits="2573" branch="False" />
            <line number="44" hits="2573" branch="False" />
            <line number="46" hits="2573" branch="False" />
            <line number="47" hits="269" branch="False" />
            <line number="50" hits="2840" branch="False" />
            <line number="51" hits="2840" branch="True" condition-coverage="75% (3/4)">
              <conditions>
                <condition number="7" type="jump" coverage="100%" />
                <condition number="13" type="jump" coverage="50%" />
              </conditions>
            </line>
            <line number="52" hits="2840" branch="False" />
            <line number="53" hits="9" branch="False" />
            <line number="54" hits="2831" branch="False" />
            <line number="55" hits="0" branch="False" />
            <line number="56" hits="2840" branch="False" />
            <line number="57" hits="2840" branch="False" />
            <line number="60" hits="2573" branch="False" />
            <line number="61" hits="2573" branch="False" />
            <line number="63" hits="2573" branch="False" />
            <line number="64" hits="2573" branch="False" />
            <line number="65" hits="2573" branch="True" condition-coverage="78.57% (11/14)">
              <conditions>
                <condition number="42" type="jump" coverage="50%" />
                <condition number="80" type="jump" coverage="100%" />
                <condition number="118" type="jump" coverage="50%" />
                <condition number="157" type="jump" coverage="100%" />
                <condition number="175" type="jump" coverage="100%" />
                <condition number="193" type="jump" coverage="100%" />
                <condition number="211" type="jump" coverage="50%" />
              </conditions>
            </line>
            <line number="68" hits="0" branch="False" />
            <line number="69" hits="0" branch="False" />
            <line number="72" hits="2566" branch="False" />
            <line number="73" hits="262" branch="False" />
            <line number="76" hits="0" branch="False" />
            <line number="77" hits="0" branch="False" />
            <line number="80" hits="1" branch="False" />
            <line number="81" hits="1" branch="False" />
            <line number="84" hits="4" branch="False" />
            <line number="85" hits="4" branch="False" />
            <line number="88" hits="1" branch="False" />
            <line number="89" hits="1" branch="False" />
            <line number="92" hits="1" branch="False" />
            <line number="93" hits="1" branch="False" />
            <line number="94" hits="1" branch="False" />
            <line number="97" hits="0" branch="False" />
            <line number="99" hits="269" branch="False" />
            <line number="101" hits="269" branch="True" condition-coverage="100% (2/2)">
              <conditions>
                <condition number="374" type="jump" coverage="100%" />
              </conditions>
            </line>
            <line number="102" hits="267" branch="False" />
            <line number="103" hits="267" branch="False" />
            <line number="104" hits="267" branch="False" />
            <line number="105" hits="269" branch="False" />
            <line number="108" hits="4" branch="False" />
            <line number="109" hits="4" branch="False" />
            <line number="110" hits="4" branch="False" />
            <line number="112" hits="4" branch="False" />
            <line number="113" hits="4" branch="False" />
            <line number="116" hits="267" branch="False" />
            <line number="117" hits="267" branch="False" />
            <line number="118" hits="267" branch="False" />
            <line number="119" hits="267" branch="False" />
            <line number="122" hits="1" branch="False" />
            <line number="123" hits="1" branch="True" condition-coverage="25% (1/4)">
              <conditions>
                <condition number="7" type="jump" coverage="50%" />
                <condition number="13" type="jump" coverage="0%" />
              </conditions>
            </line>
            <line number="124" hits="1" branch="False" />
            <line number="125" hits="0" branch="False" />
            <line number="126" hits="1" branch="False" />
            <line number="127" hits="0" branch="False" />
            <line number="128" hits="1" branch="False" />
            <line number="129" hits="1" branch="False" />
            <line number="25" hits="2590" branch="False" />
            <line number="27" hits="20" branch="False" />
            <line number="28" hits="20" branch="False" />
            <line number="29" hits="20" branch="False" />
            <line number="30" hits="21" branch="False" />
            <line number="31" hits="20" branch="False" />
            <line number="32" hits="21" branch="False" />
            <line number="33" hits="21" branch="False" />
            <line number="35" hits="20" branch="False" />
            <line number="36" hits="20" branch="False" />
            <line number="37" hits="20" branch="False" />
            <line number="38" hits="20" branch="False" />
            <line number="39" hits="20" branch="False" />
            <line number="13" hits="20" branch="False" />
            <line number="14" hits="20" branch="False" />
            <line number="16" hits="20" branch="False" />
            <line number="17" hits="20" branch="False" />
            <line number="18" hits="20" branch="False" />
            <line number="19" hits="20" branch="False" />
            <line number="20" hits="20" branch="False" />
            <line number="21" hits="20" branch="False" />
          </lines>
        </class>
        <class name="HyperMsg.BufferService/&lt;GetChildDisposables&gt;d__6" filename="HyperMsg.Core\BufferService.cs" line-rate="1" branch-rate="1" complexity="1">
          <methods>
            <method name="MoveNext" signature="()" line-rate="1" branch-rate="1" complexity="1">
              <lines>
                <line number="24" hits="20" branch="False" />
                <line number="40" hits="20" branch="False" />
              </lines>
            </method>
          </methods>
          <lines>
            <line number="24" hits="20" branch="False" />
            <line number="40" hits="20" branch="False" />
          </lines>
        </class>
        <class name="HyperMsg.MessageBroker" filename="HyperMsg.Core\MessageBroker.cs" line-rate="0.95" branch-rate="0.8332999999999999" complexity="12">
          <methods>
            <method name="get_Sender" signature="()" line-rate="1" branch-rate="1" complexity="1">
              <lines>
                <line number="45" hits="267" branch="False" />
              </lines>
            </method>
            <method name="get_HandlersRegistry" signature="()" line-rate="1" branch-rate="1" complexity="1">
              <lines>
                <line number="47" hits="260" branch="False" />
              </lines>
            </method>
            <method name="RegisterHandler" signature="(System.Action`1&lt;T&gt;)" line-rate="1" branch-rate="1" complexity="1">
              <lines>
                <line number="49" hits="291" branch="False" />
                <line number="50" hits="2854" branch="False" />
                <line number="51" hits="2854" branch="False" />
                <line number="52" hits="550" branch="False" />
                <line number="53" hits="841" branch="False" />
              </lines>
            </method>
            <method name="RegisterHandler" signature="(HyperMsg.AsyncAction`1&lt;T&gt;)" line-rate="1" branch-rate="1" complexity="1">
              <lines>
                <line number="55" hits="302" branch="False" />
              </lines>
            </method>
            <method name="AddHandler" signature="(System.Delegate)" line-rate="0.875" branch-rate="0.75" complexity="4">
              <lines>
                <line number="58" hits="302" branch="False" />
                <line number="59" hits="302" branch="True" condition-coverage="50% (1/2)">
                  <conditions>
                    <condition number="7" type="jump" coverage="50%" />
                  </conditions>
                </line>
                <line number="60" hits="0" branch="False" />
                <line number="61" hits="0" branch="False" />
                <line number="64" hits="302" branch="False" />
                <line number="65" hits="302" branch="False" />
                <line number="66" hits="302" branch="True" condition-coverage="100% (2/2)">
                  <conditions>
                    <condition number="67" type="jump" coverage="100%" />
                  </conditions>
                </line>
                <line number="67" hits="105" branch="False" />
                <line number="68" hits="105" branch="False" />
                <line number="69" hits="105" branch="False" />
                <line number="71" hits="197" branch="False" />
                <line number="72" hits="197" branch="False" />
                <line number="73" hits="197" branch="False" />
                <line number="74" hits="302" branch="False" />
                <line number="76" hits="302" branch="False" />
                <line number="77" hits="302" branch="False" />
              </lines>
            </method>
            <method name="Send" signature="(T)" line-rate="1" branch-rate="1" complexity="1">
              <lines>
                <line number="79" hits="2588" branch="False" />
              </lines>
            </method>
            <method name="RemoveHandler" signature="(System.Type,System.Delegate)" line-rate="1" branch-rate="1" complexity="2">
              <lines>
                <line number="104" hits="263" branch="False" />
                <line number="105" hits="263" branch="False" />
                <line number="106" hits="263" branch="False" />
                <line number="107" hits="263" branch="False" />
                <line number="109" hits="263" branch="True" condition-coverage="100% (2/2)">
                  <conditions>
                    <condition number="45" type="jump" coverage="100%" />
                  </conditions>
                </line>
                <line number="110" hits="162" branch="False" />
                <line number="111" hits="162" branch="False" />
                <line number="112" hits="162" branch="False" />
                <line number="115" hits="101" branch="False" />
                <line number="116" hits="101" branch="False" />
                <line number="117" hits="101" branch="False" />
                <line number="118" hits="101" branch="False" />
                <line number="119" hits="263" branch="False" />
              </lines>
            </method>
            <method name=".ctor" signature="()" line-rate="1" branch-rate="1" complexity="1">
              <lines>
                <line number="42" hits="37" branch="False" />
                <line number="43" hits="37" branch="False" />
              </lines>
            </method>
          </methods>
          <lines>
            <line number="45" hits="267" branch="False" />
            <line number="47" hits="260" branch="False" />
            <line number="49" hits="291" branch="False" />
            <line number="50" hits="2854" branch="False" />
            <line number="51" hits="2854" branch="False" />
            <line number="52" hits="550" branch="False" />
            <line number="53" hits="841" branch="False" />
            <line number="55" hits="302" branch="False" />
            <line number="58" hits="302" branch="False" />
            <line number="59" hits="302" branch="True" condition-coverage="50% (1/2)">
              <conditions>
                <condition number="7" type="jump" coverage="50%" />
              </conditions>
            </line>
            <line number="60" hits="0" branch="False" />
            <line number="61" hits="0" branch="False" />
            <line number="64" hits="302" branch="False" />
            <line number="65" hits="302" branch="False" />
            <line number="66" hits="302" branch="True" condition-coverage="100% (2/2)">
              <conditions>
                <condition number="67" type="jump" coverage="100%" />
              </conditions>
            </line>
            <line number="67" hits="105" branch="False" />
            <line number="68" hits="105" branch="False" />
            <line number="69" hits="105" branch="False" />
            <line number="71" hits="197" branch="False" />
            <line number="72" hits="197" branch="False" />
            <line number="73" hits="197" branch="False" />
            <line number="74" hits="302" branch="False" />
            <line number="76" hits="302" branch="False" />
            <line number="77" hits="302" branch="False" />
            <line number="79" hits="2588" branch="False" />
            <line number="104" hits="263" branch="False" />
            <line number="105" hits="263" branch="False" />
            <line number="106" hits="263" branch="False" />
            <line number="107" hits="263" branch="False" />
            <line number="109" hits="263" branch="True" condition-coverage="100% (2/2)">
              <conditions>
                <condition number="45" type="jump" coverage="100%" />
              </conditions>
            </line>
            <line number="110" hits="162" branch="False" />
            <line number="111" hits="162" branch="False" />
            <line number="112" hits="162" branch="False" />
            <line number="115" hits="101" branch="False" />
            <line number="116" hits="101" branch="False" />
            <line number="117" hits="101" branch="False" />
            <line number="118" hits="101" branch="False" />
            <line number="119" hits="263" branch="False" />
            <line number="42" hits="37" branch="False" />
            <line number="43" hits="37" branch="False" />
          </lines>
        </class>
        <class name="HyperMsg.MessageBroker/Subscription" filename="HyperMsg.Core\MessageBroker.cs" line-rate="0.8571" branch-rate="0.5" complexity="3">
          <methods>
            <method name="Dispose" signature="()" line-rate="0.7142000000000001" branch-rate="0.5" complexity="2">
              <lines>
                <line number="31" hits="263" branch="False" />
                <line number="32" hits="263" branch="True" condition-coverage="50% (1/2)">
                  <conditions>
                    <condition number="9" type="jump" coverage="50%" />
                  </conditions>
                </line>
                <line number="33" hits="0" branch="False" />
                <line number="34" hits="0" branch="False" />
                <line number="37" hits="263" branch="False" />
                <line number="38" hits="263" branch="False" />
                <line number="39" hits="263" branch="False" />
              </lines>
            </method>
            <method name=".ctor" signature="(System.Type,System.Delegate,System.Action`2&lt;System.Type,System.Delegate&gt;)" line-rate="1" branch-rate="1" complexity="1">
              <lines>
                <line number="22" hits="302" branch="False" />
                <line number="23" hits="302" branch="False" />
                <line number="24" hits="302" branch="False" />
                <line number="25" hits="302" branch="False" />
                <line number="26" hits="302" branch="False" />
                <line number="27" hits="302" branch="False" />
                <line number="28" hits="302" branch="False" />
              </lines>
            </method>
          </methods>
          <lines>
            <line number="31" hits="263" branch="False" />
            <line number="32" hits="263" branch="True" condition-coverage="50% (1/2)">
              <conditions>
                <condition number="9" type="jump" coverage="50%" />
              </conditions>
            </line>
            <line number="33" hits="0" branch="False" />
            <line number="34" hits="0" branch="False" />
            <line number="37" hits="263" branch="False" />
            <line number="38" hits="263" branch="False" />
            <line number="39" hits="263" branch="False" />
            <line number="22" hits="302" branch="False" />
            <line number="23" hits="302" branch="False" />
            <line number="24" hits="302" branch="False" />
            <line number="25" hits="302" branch="False" />
            <line number="26" hits="302" branch="False" />
            <line number="27" hits="302" branch="False" />
            <line number="28" hits="302" branch="False" />
          </lines>
        </class>
        <class name="HyperMsg.MessageBroker/&lt;SendAsync&gt;d__11`1" filename="HyperMsg.Core\MessageBroker.cs" line-rate="0.6428" branch-rate="0.75" complexity="4">
          <methods>
            <method name="MoveNext" signature="()" line-rate="0.6428" branch-rate="0.75" complexity="4">
              <lines>
                <line number="82" hits="2860" branch="False" />
                <line number="83" hits="2860" branch="True" condition-coverage="100% (2/2)">
                  <conditions>
                    <condition number="46" type="jump" coverage="100%" />
                  </conditions>
                </line>
                <line number="84" hits="2" branch="False" />
                <line number="85" hits="2" branch="False" />
                <line number="88" hits="2858" branch="True" condition-coverage="50% (1/2)">
                  <conditions>
                    <condition number="91" type="jump" coverage="50%" />
                  </conditions>
                </line>
                <line number="89" hits="0" branch="False" />
                <line number="90" hits="0" branch="False" />
                <line number="94" hits="2858" branch="False" />
                <line number="95" hits="2858" branch="False" />
                <line number="96" hits="554" branch="False" />
                <line number="97" hits="0" branch="False" />
                <line number="98" hits="0" branch="False" />
                <line number="99" hits="0" branch="False" />
                <line number="101" hits="556" branch="False" />
              </lines>
            </method>
          </methods>
          <lines>
            <line number="82" hits="2860" branch="False" />
            <line number="83" hits="2860" branch="True" condition-coverage="100% (2/2)">
              <conditions>
                <condition number="46" type="jump" coverage="100%" />
              </conditions>
            </line>
            <line number="84" hits="2" branch="False" />
            <line number="85" hits="2" branch="False" />
            <line number="88" hits="2858" branch="True" condition-coverage="50% (1/2)">
              <conditions>
                <condition number="91" type="jump" coverage="50%" />
              </conditions>
            </line>
            <line number="89" hits="0" branch="False" />
            <line number="90" hits="0" branch="False" />
            <line number="94" hits="2858" branch="False" />
            <line number="95" hits="2858" branch="False" />
            <line number="96" hits="554" branch="False" />
            <line number="97" hits="0" branch="False" />
            <line number="98" hits="0" branch="False" />
            <line number="99" hits="0" branch="False" />
            <line number="101" hits="556" branch="False" />
          </lines>
        </class>
        <class name="HyperMsg.MessageHandlersRegistryExtensions" filename="HyperMsg.Core\MessageHandlersRegistryExtensions.cs" line-rate="0.6315" branch-rate="0.625" complexity="47">
          <methods>
            <method name="RegisterHandler" signature="(HyperMsg.IMessageHandlersRegistry,System.Func`2&lt;T,System.Boolean&gt;,System.Action)" line-rate="0" branch-rate="0" complexity="2">
              <lines>
                <line number="19" hits="0" branch="False" />
                <line number="20" hits="0" branch="False" />
                <line number="21" hits="0" branch="True" condition-coverage="0% (0/2)">
                  <conditions>
                    <condition number="15" type="jump" coverage="0%" />
                  </conditions>
                </line>
                <line number="22" hits="0" branch="False" />
                <line number="23" hits="0" branch="False" />
                <line number="24" hits="0" branch="False" />
                <line number="25" hits="0" branch="False" />
              </lines>
            </method>
            <method name="RegisterHandler" signature="(HyperMsg.IMessageHandlersRegistry,System.Func`2&lt;T,System.Boolean&gt;,System.Action`1&lt;T&gt;)" line-rate="1" branch-rate="1" complexity="2">
              <lines>
                <line number="36" hits="2" branch="False" />
                <line number="37" hits="2" branch="False" />
                <line number="38" hits="2" branch="True" condition-coverage="100% (2/2)">
                  <conditions>
                    <condition number="15" type="jump" coverage="100%" />
                  </conditions>
                </line>
                <line number="39" hits="1" branch="False" />
                <line number="40" hits="1" branch="False" />
                <line number="41" hits="1" branch="False" />
                <line number="42" hits="4" branch="False" />
              </lines>
            </method>
            <method name="RegisterHandler" signature="(HyperMsg.IMessageHandlersRegistry,System.Func`2&lt;T,System.Boolean&gt;,HyperMsg.AsyncAction)" line-rate="0" branch-rate="0" complexity="2">
              <lines>
                <line number="53" hits="0" branch="False" />
                <line number="54" hits="0" branch="False" />
                <line number="55" hits="0" branch="True" condition-coverage="0% (0/2)">
                  <conditions>
                    <condition number="15" type="jump" coverage="0%" />
                  </conditions>
                </line>
                <line number="56" hits="0" branch="False" />
                <line number="57" hits="0" branch="False" />
                <line number="58" hits="0" branch="False" />
                <line number="59" hits="0" branch="False" />
                <line number="60" hits="0" branch="False" />
                <line number="61" hits="0" branch="False" />
              </lines>
            </method>
            <method name="RegisterHandler" signature="(HyperMsg.IMessageHandlersRegistry,System.Func`2&lt;T,System.Boolean&gt;,HyperMsg.AsyncAction`1&lt;T&gt;)" line-rate="0" branch-rate="0" complexity="2">
              <lines>
                <line number="72" hits="0" branch="False" />
                <line number="73" hits="0" branch="False" />
                <line number="74" hits="0" branch="True" condition-coverage="0% (0/2)">
                  <conditions>
                    <condition number="15" type="jump" coverage="0%" />
                  </conditions>
                </line>
                <line number="75" hits="0" branch="False" />
                <line number="76" hits="0" branch="False" />
                <line number="77" hits="0" branch="False" />
                <line number="78" hits="0" branch="False" />
                <line number="79" hits="0" branch="False" />
                <line number="80" hits="0" branch="False" />
              </lines>
            </method>
            <method name="RegisterHandler" signature="(HyperMsg.IMessageHandlersRegistry,T,System.Action)" line-rate="0" branch-rate="1" complexity="1">
              <lines>
                <line number="91" hits="0" branch="False" />
              </lines>
            </method>
            <method name="RegisterHandler" signature="(HyperMsg.IMessageHandlersRegistry,T,System.Action`1&lt;T&gt;)" line-rate="0" branch-rate="1" complexity="1">
              <lines>
                <line number="102" hits="0" branch="False" />
              </lines>
            </method>
            <method name="RegisterHandler" signature="(HyperMsg.IMessageHandlersRegistry,T,HyperMsg.AsyncAction)" line-rate="0" branch-rate="1" complexity="1">
              <lines>
                <line number="113" hits="0" branch="False" />
              </lines>
            </method>
            <method name="RegisterHandler" signature="(HyperMsg.IMessageHandlersRegistry,T,HyperMsg.AsyncAction`1&lt;T&gt;)" line-rate="0" branch-rate="1" complexity="1">
              <lines>
                <line number="124" hits="0" branch="False" />
              </lines>
            </method>
            <method name="RegisterTransmitBufferHandler" signature="(HyperMsg.IMessageHandlersRegistry,System.Action`1&lt;HyperMsg.IBufferReader&gt;)" line-rate="1" branch-rate="1" complexity="1">
              <lines>
                <line number="133" hits="8" branch="False" />
              </lines>
            </method>
            <method name="RegisterTransmitBufferHandler" signature="(HyperMsg.IMessageHandlersRegistry,HyperMsg.AsyncAction`1&lt;HyperMsg.IBufferReader&gt;)" line-rate="1" branch-rate="1" complexity="1">
              <lines>
                <line number="142" hits="1" branch="False" />
              </lines>
            </method>
            <method name="RegisterReceiveBufferHandler" signature="(HyperMsg.IMessageHandlersRegistry,System.Action`1&lt;HyperMsg.IBufferReader&gt;)" line-rate="1" branch-rate="1" complexity="1">
              <lines>
                <line number="151" hits="4" branch="False" />
              </lines>
            </method>
            <method name="RegisterReceiveBufferHandler" signature="(HyperMsg.IMessageHandlersRegistry,HyperMsg.AsyncAction`1&lt;HyperMsg.IBufferReader&gt;)" line-rate="1" branch-rate="1" complexity="1">
              <lines>
                <line number="160" hits="1" branch="False" />
              </lines>
            </method>
            <method name="RegisterSerializationHandler" signature="(HyperMsg.IMessageHandlersRegistry,System.Action`2&lt;HyperMsg.IBufferWriter,T&gt;)" line-rate="1" branch-rate="1" complexity="1">
              <lines>
                <line number="170" hits="3" branch="False" />
              </lines>
            </method>
            <method name="RegisterSerializationHandler" signature="(HyperMsg.IMessageHandlersRegistry,System.Action`2&lt;System.Buffers.IBufferWriter`1&lt;System.Byte&gt;,T&gt;)" line-rate="1" branch-rate="1" complexity="1">
              <lines>
                <line number="180" hits="3" branch="False" />
              </lines>
            </method>
            <method name="RegisterTransmitPipeHandler" signature="(HyperMsg.IMessageHandlersRegistry,System.Action`1&lt;T&gt;)" line-rate="1" branch-rate="1" complexity="1">
              <lines>
                <line number="192" hits="148" branch="False" />
              </lines>
            </method>
            <method name="RegisterTransmitPipeHandler" signature="(HyperMsg.IMessageHandlersRegistry,System.Object,System.Action`1&lt;T&gt;)" line-rate="1" branch-rate="1" complexity="1">
              <lines>
                <line number="203" hits="413" branch="False" />
              </lines>
            </method>
            <method name="RegisterTransmitPipeHandler" signature="(HyperMsg.IMessageHandlersRegistry,System.Action`2&lt;HyperMsg.IMessageSender,T&gt;)" line-rate="1" branch-rate="1" complexity="1">
              <lines>
                <line number="213" hits="2" branch="False" />
              </lines>
            </method>
            <method name="RegisterTransmitPipeHandler" signature="(HyperMsg.IMessageHandlersRegistry,System.Object,System.Action`2&lt;HyperMsg.IMessageSender,T&gt;)" line-rate="1" branch-rate="1" complexity="1">
              <lines>
                <line number="224" hits="150" branch="False" />
              </lines>
            </method>
            <method name="RegisterTransmitPipeHandler" signature="(HyperMsg.IMessageHandlersRegistry,HyperMsg.AsyncAction`1&lt;T&gt;)" line-rate="1" branch-rate="1" complexity="1">
              <lines>
                <line number="234" hits="1" branch="False" />
              </lines>
            </method>
            <method name="RegisterTransmitPipeHandler" signature="(HyperMsg.IMessageHandlersRegistry,System.Object,HyperMsg.AsyncAction`1&lt;T&gt;)" line-rate="1" branch-rate="1" complexity="1">
              <lines>
                <line number="245" hits="2" branch="False" />
              </lines>
            </method>
            <method name="RegisterTransmitPipeHandler" signature="(HyperMsg.IMessageHandlersRegistry,System.Object,HyperMsg.AsyncAction`2&lt;HyperMsg.IMessageSender,T&gt;)" line-rate="1" branch-rate="1" complexity="1">
              <lines>
                <line number="256" hits="1" branch="False" />
              </lines>
            </method>
            <method name="RegisterReceivePipeHandler" signature="(HyperMsg.IMessageHandlersRegistry,System.Action`1&lt;T&gt;)" line-rate="1" branch-rate="1" complexity="1">
              <lines>
                <line number="266" hits="104" branch="False" />
              </lines>
            </method>
            <method name="RegisterReceivePipeHandler" signature="(HyperMsg.IMessageHandlersRegistry,System.Object,System.Action`1&lt;T&gt;)" line-rate="1" branch-rate="1" complexity="1">
              <lines>
                <line number="277" hits="107" branch="False" />
              </lines>
            </method>
            <method name="RegisterReceivePipeHandler" signature="(HyperMsg.IMessageHandlersRegistry,HyperMsg.AsyncAction`1&lt;T&gt;)" line-rate="1" branch-rate="1" complexity="1">
              <lines>
                <line number="287" hits="1" branch="False" />
              </lines>
            </method>
            <method name="RegisterReceivePipeHandler" signature="(HyperMsg.IMessageHandlersRegistry,System.Object,HyperMsg.AsyncAction`1&lt;T&gt;)" line-rate="1" branch-rate="1" complexity="1">
              <lines>
                <line number="298" hits="2" branch="False" />
              </lines>
            </method>
            <method name="RegisterReceivePipeHandler" signature="(HyperMsg.IMessageHandlersRegistry,System.Action`2&lt;HyperMsg.IMessageSender,T&gt;)" line-rate="0" branch-rate="1" complexity="1">
              <lines>
                <line number="308" hits="0" branch="False" />
              </lines>
            </method>
            <method name="RegisterReceivePipeHandler" signature="(HyperMsg.IMessageHandlersRegistry,System.Object,System.Action`2&lt;HyperMsg.IMessageSender,T&gt;)" line-rate="1" branch-rate="1" complexity="1">
              <lines>
                <line number="319" hits="104" branch="False" />
              </lines>
            </method>
            <method name="RegisterReceivePipeHandler" signature="(HyperMsg.IMessageHandlersRegistry,HyperMsg.AsyncAction`2&lt;HyperMsg.IMessageSender,T&gt;)" line-rate="0" branch-rate="1" complexity="1">
              <lines>
                <line number="329" hits="0" branch="False" />
              </lines>
            </method>
            <method name="RegisterReceivePipeHandler" signature="(HyperMsg.IMessageHandlersRegistry,System.Object,HyperMsg.AsyncAction`2&lt;HyperMsg.IMessageSender,T&gt;)" line-rate="1" branch-rate="1" complexity="1">
              <lines>
                <line number="340" hits="1" branch="False" />
              </lines>
            </method>
            <method name="RegisterPipeHandler" signature="(HyperMsg.IMessageHandlersRegistry,System.Object,System.Action`1&lt;T&gt;)" line-rate="0" branch-rate="1" complexity="1">
              <lines>
                <line number="351" hits="0" branch="False" />
              </lines>
            </method>
            <method name="RegisterPipeHandler" signature="(HyperMsg.IMessageHandlersRegistry,System.Object,HyperMsg.AsyncAction`1&lt;T&gt;)" line-rate="0" branch-rate="1" complexity="1">
[...]
              </lines>
            </method>
          </methods>
          <lines>
            <line number="20" hits="6" branch="False" />
            <line number="21" hits="6" branch="True" condition-coverage="50% (1/2)">
              <conditions>
                <condition number="12" type="jump" coverage="50%" />
              </conditions>
            </line>
            <line number="22" hits="0" branch="False" />
            <line number="23" hits="0" branch="False" />
            <line number="26" hits="6" branch="False" />
            <line number="27" hits="6" branch="False" />
            <line number="30" hits="3" branch="False" />
            <line number="31" hits="3" branch="True" condition-coverage="75% (3/4)">
              <conditions>
                <condition number="12" type="jump" coverage="50%" />
                <condition number="66" type="jump" coverage="100%" />
              </conditions>
            </line>
            <line number="32" hits="2" branch="False" />
            <line number="33" hits="2" branch="False" />
            <line number="36" hits="1" branch="False" />
            <line number="37" hits="3" branch="False" />
            <line number="40" hits="3" branch="False" />
            <line number="41" hits="3" branch="True" condition-coverage="75% (3/4)">
              <conditions>
                <condition number="12" type="jump" coverage="50%" />
                <condition number="66" type="jump" coverage="100%" />
              </conditions>
            </line>
            <line number="42" hits="2" branch="False" />
            <line number="43" hits="2" branch="False" />
            <line number="46" hits="1" branch="False" />
            <line number="47" hits="3" branch="False" />
            <line number="13" hits="6" branch="False" />
            <line number="14" hits="6" branch="False" />
            <line number="15" hits="6" branch="False" />
            <line number="16" hits="6" branch="False" />
            <line number="17" hits="6" branch="False" />
          </lines>
        </class>
        <class name="HyperMsg.ServiceCollectionExtensions" filename="HyperMsg.Core\ServiceCollectionExtensions.cs" line-rate="1" branch-rate="1" complexity="6">
          <methods>
            <method name="AddMessagingServices" signature="(Microsoft.Extensions.DependencyInjection.IServiceCollection,System.Int32,System.Int32)" line-rate="1" branch-rate="1" complexity="1">
              <lines>
                <line number="18" hits="20" branch="False" />
                <line number="19" hits="20" branch="False" />
                <line number="20" hits="20" branch="False" />
                <line number="21" hits="20" branch="False" />
                <line number="22" hits="20" branch="False" />
                <line number="23" hits="20" branch="False" />
              </lines>
            </method>
            <method name="AddSharedMemoryPool" signature="(Microsoft.Extensions.DependencyInjection.IServiceCollection)" line-rate="1" branch-rate="1" complexity="1">
              <lines>
                <line number="29" hits="23" branch="False" />
              </lines>
            </method>
            <method name="AddBufferContext" signature="(Microsoft.Extensions.DependencyInjection.IServiceCollection,System.Int32,System.Int32)" line-rate="1" branch-rate="1" complexity="1">
              <lines>
                <line number="38" hits="21" branch="False" />
                <line number="39" hits="21" branch="False" />
                <line number="40" hits="21" branch="False" />
                <line number="41" hits="21" branch="False" />
                <line number="42" hits="21" branch="False" />
                <line number="43" hits="21" branch="False" />
                <line number="44" hits="21" branch="False" />
                <line number="45" hits="21" branch="False" />
                <line number="46" hits="42" branch="False" />
                <line number="47" hits="21" branch="False" />
              </lines>
            </method>
            <method name="AddBufferService" signature="(Microsoft.Extensions.DependencyInjection.IServiceCollection)" line-rate="1" branch-rate="1" complexity="1">
              <lines>
                <line number="49" hits="20" branch="False" />
              </lines>
            </method>
            <method name="AddBufferFactory" signature="(Microsoft.Extensions.DependencyInjection.IServiceCollection)" line-rate="1" branch-rate="1" complexity="1">
              <lines>
                <line number="55" hits="1" branch="False" />
                <line number="56" hits="1" branch="False" />
                <line number="57" hits="1" branch="False" />
                <line number="58" hits="1" branch="False" />
                <line number="59" hits="2" branch="False" />
              </lines>
            </method>
            <method name="AddMessageBroker" signature="(Microsoft.Extensions.DependencyInjection.IServiceCollection)" line-rate="1" branch-rate="1" complexity="1">
              <lines>
                <line number="66" hits="21" branch="False" />
                <line number="67" hits="21" branch="False" />
                <line number="68" hits="21" branch="False" />
                <line number="69" hits="21" branch="False" />
                <line number="70" hits="21" branch="False" />
                <line number="71" hits="21" branch="False" />
              </lines>
            </method>
          </methods>
          <lines>
            <line number="18" hits="20" branch="False" />
            <line number="19" hits="20" branch="False" />
            <line number="20" hits="20" branch="False" />
            <line number="21" hits="20" branch="False" />
            <line number="22" hits="20" branch="False" />
            <line number="23" hits="20" branch="False" />
            <line number="29" hits="23" branch="False" />
            <line number="38" hits="21" branch="False" />
            <line number="39" hits="21" branch="False" />
            <line number="40" hits="21" branch="False" />
            <line number="41" hits="21" branch="False" />
            <line number="42" hits="21" branch="False" />
            <line number="43" hits="21" branch="False" />
            <line number="44" hits="21" branch="False" />
            <line number="45" hits="21" branch="False" />
            <line number="46" hits="42" branch="False" />
            <line number="47" hits="21" branch="False" />
            <line number="49" hits="20" branch="False" />
            <line number="55" hits="1" branch="False" />
            <line number="56" hits="1" branch="False" />
            <line number="57" hits="1" branch="False" />
            <line number="58" hits="1" branch="False" />
            <line number="59" hits="2" branch="False" />
            <line number="66" hits="21" branch="False" />
            <line number="67" hits="21" branch="False" />
            <line number="68" hits="21" branch="False" />
            <line number="69" hits="21" branch="False" />
            <line number="70" hits="21" branch="False" />
            <line number="71" hits="21" branch="False" />
          </lines>
        </class>
        <class name="HyperMsg.Messages.PipeMessage`1" filename="HyperMsg.Core\Messages\PipeMessage.cs" line-rate="1" branch-rate="1" complexity="5">
          <methods>
            <method name="get_PipeId" signature="()" line-rate="1" branch-rate="1" complexity="1">
              <lines>
                <line number="8" hits="287" branch="False" />
              </lines>
            </method>
            <method name="get_PortId" signature="()" line-rate="1" branch-rate="1" complexity="1">
              <lines>
                <line number="10" hits="284" branch="False" />
              </lines>
            </method>
            <method name="get_Message" signature="()" line-rate="1" branch-rate="1" complexity="1">
              <lines>
                <line number="12" hits="282" branch="False" />
              </lines>
            </method>
            <method name="get_MessageSender" signature="()" line-rate="1" branch-rate="1" complexity="1">
              <lines>
                <line number="14" hits="276" branch="False" />
              </lines>
            </method>
            <method name=".ctor" signature="(System.Object,System.Object,T,HyperMsg.IMessageSender)" line-rate="1" branch-rate="1" complexity="1">
              <lines>
                <line number="6" hits="284" branch="False" />
              </lines>
            </method>
          </methods>
          <lines>
            <line number="8" hits="287" branch="False" />
            <line number="10" hits="284" branch="False" />
            <line number="12" hits="282" branch="False" />
            <line number="14" hits="276" branch="False" />
            <line number="6" hits="284" branch="False" />
          </lines>
        </class>
      </classes>
    </package>
    <package name="HyperMsg" line-rate="1" branch-rate="1" complexity="0">
      <classes />
    </package>
    <package name="HyperMsg.Host" line-rate="0.9565" branch-rate="0.8332999999999999" complexity="20">
      <classes>
        <class name="HyperMsg.Host" filename="HyperMsg.Host\Host.cs" line-rate="1" branch-rate="0.5" complexity="9">
          <methods>
            <method name="get_Services" signature="()" line-rate="1" branch-rate="1" complexity="1">
              <lines>
                <line number="15" hits="2600" branch="False" />
              </lines>
            </method>
            <method name="GetService" signature="(System.Type)" line-rate="1" branch-rate="1" complexity="1">
              <lines>
                <line number="17" hits="2600" branch="False" />
              </lines>
            </method>
            <method name="Dispose" signature="()" line-rate="1" branch-rate="1" complexity="1">
              <lines>
                <line number="19" hits="20" branch="False" />
              </lines>
            </method>
            <method name="Start" signature="()" line-rate="1" branch-rate="1" complexity="1">
              <lines>
                <line number="21" hits="20" branch="False" />
              </lines>
            </method>
            <method name="Stop" signature="()" line-rate="1" branch-rate="1" complexity="1">
              <lines>
                <line number="33" hits="20" branch="False" />
              </lines>
            </method>
            <method name="Create" signature="(System.Action`1&lt;Microsoft.Extensions.DependencyInjection.IServiceCollection&gt;)" line-rate="1" branch-rate="1" complexity="1">
              <lines>
                <line number="46" hits="20" branch="False" />
                <line number="47" hits="20" branch="False" />
                <line number="48" hits="20" branch="False" />
                <line number="50" hits="20" branch="False" />
                <line number="51" hits="20" branch="False" />
              </lines>
            </method>
            <method name="CreateDefault" signature="(System.Action`1&lt;Microsoft.Extensions.DependencyInjection.IServiceCollection&gt;)" line-rate="1" branch-rate="0.5" complexity="2">
              <lines>
                <line number="54" hits="20" branch="False" />
                <line number="55" hits="20" branch="False" />
                <line number="56" hits="20" branch="False" />
                <line number="57" hits="20" branch="False" />
                <line number="58" hits="20" branch="True" condition-coverage="50% (1/2)">
                  <conditions>
                    <condition number="17" type="jump" coverage="50%" />
                  </conditions>
                </line>
                <line number="59" hits="40" branch="False" />
                <line number="60" hits="20" branch="False" />
              </lines>
            </method>
            <method name=".ctor" signature="(Microsoft.Extensions.DependencyInjection.IServiceCollection)" line-rate="1" branch-rate="1" complexity="1">
              <lines>
                <line number="13" hits="40" branch="False" />
              </lines>
            </method>
          </methods>
          <lines>
            <line number="15" hits="2600" branch="False" />
            <line number="17" hits="2600" branch="False" />
            <line number="19" hits="20" branch="False" />
            <line number="21" hits="20" branch="False" />
            <line number="33" hits="20" branch="False" />
            <line number="46" hits="20" branch="False" />
            <line number="47" hits="20" branch="False" />
            <line number="48" hits="20" branch="False" />
            <line number="50" hits="20" branch="False" />
            <line number="51" hits="20" branch="False" />
            <line number="54" hits="20" branch="False" />
            <line number="55" hits="20" branch="False" />
            <line number="56" hits="20" branch="False" />
            <line number="57" hits="20" branch="False" />
            <line number="58" hits="20" branch="True" condition-coverage="50% (1/2)">
              <conditions>
                <condition number="17" type="jump" coverage="50%" />
              </conditions>
            </line>
            <line number="59" hits="40" branch="False" />
            <line number="60" hits="20" branch="False" />
            <line number="13" hits="40" branch="False" />
          </lines>
        </class>
        <class name="HyperMsg.Host/&lt;StartAsync&gt;d__7" filename="HyperMsg.Host\Host.cs" line-rate="1" branch-rate="1" complexity="2">
          <methods>
            <method name="MoveNext" signature="()" line-rate="1" branch-rate="1" complexity="2">
              <lines>
                <line number="24" hits="20" branch="False" />
                <line number="25" hits="20" branch="False" />
                <line number="27" hits="100" branch="True" condition-coverage="100% (2/2)">
                  <conditions>
                    <condition number="212" type="jump" coverage="100%" />
                  </conditions>
                </line>
                <line number="28" hits="20" branch="False" />
                <line number="29" hits="20" branch="False" />
                <line number="30" hits="20" branch="False" />
                <line number="31" hits="20" branch="False" />
              </lines>
            </method>
          </methods>
          <lines>
            <line number="24" hits="20" branch="False" />
            <line number="25" hits="20" branch="False" />
            <line number="27" hits="100" branch="True" condition-coverage="100% (2/2)">
              <conditions>
                <condition number="212" type="jump" coverage="100%" />
              </conditions>
            </line>
            <line number="28" hits="20" branch="False" />
            <line number="29" hits="20" branch="False" />
            <line number="30" hits="20" branch="False" />
            <line number="31" hits="20" branch="False" />
          </lines>
        </class>
        <class name="HyperMsg.Host/&lt;StopAsync&gt;d__9" filename="HyperMsg.Host\Host.cs" line-rate="1" branch-rate="1" complexity="2">
          <methods>
            <method name="MoveNext" signature="()" line-rate="1" branch-rate="1" complexity="2">
              <lines>
                <line number="36" hits="20" branch="False" />
                <line number="37" hits="20" branch="False" />
                <line number="39" hits="100" branch="True" condition-coverage="100% (2/2)">
                  <conditions>
                    <condition number="212" type="jump" coverage="100%" />
                  </conditions>
                </line>
                <line number="40" hits="20" branch="False" />
                <line number="41" hits="20" branch="False" />
                <line number="42" hits="20" branch="False" />
                <line number="43" hits="20" branch="False" />
              </lines>
            </method>
          </methods>
          <lines>
            <line number="36" hits="20" branch="False" />
            <line number="37" hits="20" branch="False" />
            <line number="39" hits="100" branch="True" condition-coverage="100% (2/2)">
              <conditions>
                <condition number="212" type="jump" coverage="100%" />
              </conditions>
            </line>
            <line number="40" hits="20" branch="False" />
            <line number="41" hits="20" branch="False" />
            <line number="42" hits="20" branch="False" />
            <line number="43" hits="20" branch="False" />
          </lines>
        </class>
        <class name="HyperMsg.HostFixture" filename="HyperMsg.Host\HostFixture.cs" line-rate="0.8571" branch-rate="1" complexity="7">
          <methods>
            <method name="get_MessagingContext" signature="()" line-rate="0" branch-rate="1" complexity="1">
              <lines>
                <line number="16" hits="0" branch="False" />
              </lines>
            </method>
            <method name="get_MessageSender" signature="()" line-rate="1" branch-rate="1" complexity="1">
              <lines>
                <line number="18" hits="2579" branch="False" />
              </lines>
            </method>
            <method name="get_HandlersRegistry" signature="()" line-rate="1" branch-rate="1" complexity="1">
              <lines>
                <line number="20" hits="20" branch="False" />
              </lines>
            </method>
            <method name="GetService" signature="()" line-rate="0" branch-rate="1" complexity="1">
              <lines>
                <line number="22" hits="0" branch="False" />
              </lines>
            </method>
            <method name="GetRequiredService" signature="()" line-rate="1" branch-rate="1" complexity="1">
              <lines>
                <line number="24" hits="2600" branch="False" />
              </lines>
            </method>
            <method name="Dispose" signature="()" line-rate="1" branch-rate="1" complexity="1">
              <lines>
                <line number="27" hits="20" branch="False" />
                <line number="28" hits="20" branch="False" />
                <line number="29" hits="20" branch="False" />
                <line number="30" hits="20" branch="False" />
              </lines>
            </method>
            <method name=".ctor" signature="(System.Action`1&lt;Microsoft.Extensions.DependencyInjection.IServiceCollection&gt;)" line-rate="1" branch-rate="1" complexity="1">
              <lines>
                <line number="10" hits="20" branch="False" />
                <line number="11" hits="20" branch="False" />
                <line number="12" hits="20" branch="False" />
                <line number="13" hits="20" branch="False" />
                <line number="14" hits="20" branch="False" />
              </lines>
            </method>
          </methods>
          <lines>
            <line number="16" hits="0" branch="False" />
            <line number="18" hits="2579" branch="False" />
            <line number="20" hits="20" branch="False" />
            <line number="22" hits="0" branch="False" />
            <line number="24" hits="2600" branch="False" />
            <line number="27" hits="20" branch="False" />
            <line number="28" hits="20" branch="False" />
            <line number="29" hits="20" branch="False" />
            <line number="30" hits="20" branch="False" />
            <line number="10" hits="20" branch="False" />
            <line number="11" hits="20" branch="False" />
            <line number="12" hits="20" branch="False" />
            <line number="13" hits="20" branch="False" />
            <line number="14" hits="20" branch="False" />
          </lines>
        </class>
      </classes>
    </package>
  </packages>
</coverage>